<?xml version="1.0" encoding="UTF-8"?>
<testsuite name="com.bridgelabz.selenium.test.BrokenLinkTest" tests="1" skipped="0" failures="0" errors="0" timestamp="2021-07-23T13:16:42" hostname="LAPTOP-GG01EQKS" time="44.759">
  <properties/>
  <testcase name="brokenLink" classname="com.bridgelabz.selenium.test.BrokenLinkTest" time="44.759"/>
  <system-out><![CDATA[size of full links and images-->>18
https://twitter.com/i/flow/signup
https://twitter.com/login
https://about.twitter.com/
https://help.twitter.com/
https://twitter.com/tos
https://twitter.com/privacy
https://support.twitter.com/articles/20170514
https://business.twitter.com/en/help/troubleshooting/how-twitter-ads-work.html?ref=web-twc-ao-gbl-adsinfo&utm_source=twc&utm_medium=web&utm_campaign=ao&utm_content=adsinfo
https://blog.twitter.com/
https://status.twitterstat.us/
https://careers.twitter.com/
https://about.twitter.com/press/brand-assets
https://ads.twitter.com/?ref=gl-tw-tw-twitter-advertise
https://marketing.twitter.com/
https://business.twitter.com/?ref=web-twc-ao-gbl-twitterforbusiness&utm_source=twc&utm_medium=web&utm_campaign=ao&utm_content=twitterforbusiness
https://developer.twitter.com/
https://twitter.com/i/directory/profiles
https://twitter.com/settings
size of active links and images --->>18
https://twitter.com/i/flow/signup-->>OK
https://twitter.com/login-->>OK
https://about.twitter.com/-->>OK
https://help.twitter.com/-->>OK
https://twitter.com/tos-->>OK
https://twitter.com/privacy-->>OK
https://support.twitter.com/articles/20170514-->>OK
https://business.twitter.com/en/help/troubleshooting/how-twitter-ads-work.html?ref=web-twc-ao-gbl-adsinfo&utm_source=twc&utm_medium=web&utm_campaign=ao&utm_content=adsinfo-->>OK
https://blog.twitter.com/-->>OK
https://status.twitterstat.us/-->>OK
https://careers.twitter.com/-->>OK
https://about.twitter.com/press/brand-assets-->>Not Found
https://ads.twitter.com/?ref=gl-tw-tw-twitter-advertise-->>OK
https://marketing.twitter.com/-->>OK
https://business.twitter.com/?ref=web-twc-ao-gbl-twitterforbusiness&utm_source=twc&utm_medium=web&utm_campaign=ao&utm_content=twitterforbusiness-->>OK
https://developer.twitter.com/-->>OK
https://twitter.com/i/directory/profiles-->>OK
https://twitter.com/settings-->>OK
Broken links have been founded successfully!
]]></system-out>
  <system-err><![CDATA[]]></system-err>
</testsuite>
